---
layout: page
title: "FHIR Chat  · build failing · committers"
---

{% raw %}<h2>Stream: <a href="https://fhir.github.io/chat-archive/stream/179165-committers/index.html">committers</a></h2>
<h3>Topic: <a href="https://fhir.github.io/chat-archive/stream/179165-committers/topic/build.20failing.html">build failing</a></h3>

<hr>

<base href="https://chat.fhir.org">

<head><link href="https://fhir.github.io/chat-archive/style.css" rel="stylesheet"></head>

<a name="153852027"></a>
<h4><a href="https://chat.fhir.org#narrow/stream/179165-committers/topic/build%20failing/near/153852027" class="zl"><img src="https://fhir.github.io/chat-archive/assets/img/zulip.svg" alt="view this post on Zulip" style="width:20px;height:20px;"></a> Melva Peters <a href="https://fhir.github.io/chat-archive/stream/179165-committers/topic/build.20failing.html#153852027">(Oct 05 2016 at 15:39)</a>:</h4>
<p>I'm having issues with my local build - failing with the following compile errors.  Anyone have any ideas?  I've tried deleting the java folders from Tools and Implementations which has worked in the past for some of the errors, but not this time. </p>
<p>build-project:<br>
     [echo] org.hl7.fhir.dstu3: /Users/mpeters/Documents/FHIR/trunk/build/implementations/java/org.hl7.fhir.dstu3/build.xml<br>
    [javac] Compiling 168 source files to /Users/mpeters/Documents/FHIR/trunk/build/implementations/java/org.hl7.fhir.dstu3/bin<br>
    [javac] /Users/mpeters/Documents/FHIR/trunk/build/implementations/java/org.hl7.fhir.dstu3/src/org/hl7/fhir/dstu3/conformance/ProfileComparer.java:14: error: cannot find symbol<br>
    [javac] import org.hl7.fhir.dstu3.model.Coding;<br>
    [javac]                                ^<br>
    [javac]   symbol:   class Coding<br>
    [javac]   location: package org.hl7.fhir.dstu3.model<br>
    [javac] /Users/mpeters/Documents/FHIR/trunk/build/implementations/java/org.hl7.fhir.dstu3/src/org/hl7/fhir/dstu3/conformance/ProfileComparer.java:15: error: cannot find symbol<br>
    [javac] import org.hl7.fhir.dstu3.model.ElementDefinition;<br>
    [javac]                                ^<br>
    [javac]   symbol:   class ElementDefinition<br>
    [javac]   location: package org.hl7.fhir.dstu3.model<br>
    [javac] /Users/mpeters/Documents/FHIR/trunk/build/implementations/java/org.hl7.fhir.dstu3/src/org/hl7/fhir/dstu3/conformance/ProfileComparer.java:16: error: package org.hl7.fhir.dstu3.model.ElementDefinition does not exist<br>
    [javac] import org.hl7.fhir.dstu3.model.ElementDefinition.ElementDefinitionBindingComponent;<br>
    [javac]                                                  ^<br>
    [javac] /Users/mpeters/Documents/FHIR/trunk/build/implementations/java/org.hl7.fhir.dstu3/src/org/hl7/fhir/dstu3/conformance/ProfileComparer.java:17: error: package org.hl7.fhir.dstu3.model.ElementDefinition does not exist<br>
    [javac] import org.hl7.fhir.dstu3.model.ElementDefinition.ElementDefinitionConstraintComponent;<br>
    [javac]                                                  ^<br>
    [javac] /Users/mpeters/Documents/FHIR/trunk/build/implementations/java/org.hl7.fhir.dstu3/src/org/hl7/fhir/dstu3/conformance/ProfileComparer.java:18: error: package org.hl7.fhir.dstu3.model.ElementDefinition does not exist<br>
    [javac] import org.hl7.fhir.dstu3.model.ElementDefinition.ElementDefinitionMappingComponent;<br>
    [javac]                                                  ^<br>
    [javac] /Users/mpeters/Documents/FHIR/trunk/build/implementations/java/org.hl7.fhir.dstu3/src/org/hl7/fhir/dstu3/conformance/ProfileComparer.java:19: error: package org.hl7.fhir.dstu3.model.ElementDefinition does not exist<br>
    [javac] import org.hl7.fhir.dstu3.model.ElementDefinition.TypeRefComponent;<br>
    [javac]                                                  ^<br>
    [javac] /Users/mpeters/Documents/FHIR/trunk/build/implementations/java/org.hl7.fhir.dstu3/src/org/hl7/fhir/dstu3/conformance/ProfileComparer.java:20: error: package org.hl7.fhir.dstu3.model.Enumerations does not exist<br>
    [javac] import org.hl7.fhir.dstu3.model.Enumerations.BindingStrength;<br>
    [javac]                                             ^<br>
    [javac] /Users/mpeters/Documents/FHIR/trunk/build/implementations/java/org.hl7.fhir.dstu3/src/org/hl7/fhir/dstu3/conformance/ProfileComparer.java:21: error: package org.hl7.fhir.dstu3.model.Enumerations does not exist<br>
    [javac] import org.hl7.fhir.dstu3.model.Enumerations.ConformanceResourceStatus;<br>
    [javac]                                             ^<br>
    [javac] /Users/mpeters/Documents/FHIR/trunk/build/implementations/java/org.hl7.fhir.dstu3/src/org/hl7/fhir/dstu3/conformance/ProfileComparer.java:23: error: package org.hl7.fhir.dstu3.model.OperationOutcome does not exist<br>
    [javac] import org.hl7.fhir.dstu3.model.OperationOutcome.IssueSeverity;<br>
    [javac]                                                 ^<br>
    [javac] /Users/mpeters/Documents/FHIR/trunk/build/implementations/java/org.hl7.fhir.dstu3/src/org/hl7/fhir/dstu3/conformance/ProfileComparer.java:24: error: package org.hl7.fhir.dstu3.model.OperationOutcome does not exist<br>
    [javac] import org.hl7.fhir.dstu3.model.OperationOutcome.IssueType;<br>
    [javac]                                                 ^<br>
    [javac] /Users/mpeters/Documents/FHIR/trunk/build/implementations/java/org.hl7.fhir.dstu3/src/org/hl7/fhir/dstu3/conformance/ProfileComparer.java:26: error: cannot find symbol<br>
    [javac] import org.hl7.fhir.dstu3.model.Reference;<br>
    [javac]                                ^<br>
    [javac]   symbol:   class Reference<br>
    [javac]   location: package org.hl7.fhir.dstu3.model<br>
    [javac] /Users/mpeters/Documents/FHIR/trunk/build/implementations/java/org.hl7.fhir.dstu3/src/org/hl7/fhir/dstu3/conformance/ProfileComparer.java:28: error: cannot find symbol<br>
    [javac] import org.hl7.fhir.dstu3.model.StructureDefinition;<br>
    [javac]                                ^<br>
    [javac]   symbol:   class StructureDefinition<br>
    [javac]   location: package org.hl7.fhir.dstu3.model<br>
    [javac] /Users/mpeters/Documents/FHIR/trunk/build/implementations/java/org.hl7.fhir.dstu3/src/org/hl7/fhir/dstu3/conformance/ProfileComparer.java:29: error: package org.hl7.fhir.dstu3.model.StructureDefinition does not exist<br>
    [javac] import org.hl7.fhir.dstu3.model.StructureDefinition.TypeDerivationRule;<br>
    [javac]                                                    ^<br>
    [javac] /Users/mpeters/Documents/FHIR/trunk/build/implementations/java/org.hl7.fhir.dstu3/src/org/hl7/fhir/dstu3/conformance/ProfileComparer.java:32: error: cannot find symbol<br>
    [javac] import org.hl7.fhir.dstu3.model.ValueSet;<br>
    [javac]                                ^<br>
    [javac]   symbol:   class ValueSet<br>
    [javac]   location: package org.hl7.fhir.dstu3.model<br>
    [javac] /Users/mpeters/Documents/FHIR/trunk/build/implementations/java/org.hl7.fhir.dstu3/src/org/hl7/fhir/dstu3/conformance/ProfileComparer.java:33: error: package org.hl7.fhir.dstu3.model.ValueSet does not exist<br>
    [javac] import org.hl7.fhir.dstu3.model.ValueSet.ConceptReferenceComponent;<br>
    [javac]                                         ^<br>
    [javac] /Users/mpeters/Documents/FHIR/trunk/build/implementations/java/org.hl7.fhir.dstu3/src/org/hl7/fhir/dstu3/conformance/ProfileComparer.java:34: error: package org.hl7.fhir.dstu3.model.ValueSet does not exist<br>
    [javac] import org.hl7.fhir.dstu3.model.ValueSet.ConceptSetComponent;<br>
    [javac]                                         ^<br>
    [javac] /Users/mpeters/Documents/FHIR/trunk/build/implementations/java/org.hl7.fhir.dstu3/src/org/hl7/fhir/dstu3/conformance/ProfileComparer.java:35: error: package org.hl7.fhir.dstu3.model.ValueSet does not exist<br>
    [javac] import org.hl7.fhir.dstu3.model.ValueSet.ValueSetExpansionContainsComponent;<br>
    [javac]                                         ^<br>
    [javac] /Users/mpeters/Documents/FHIR/trunk/build/implementations/java/org.hl7.fhir.dstu3/src/org/hl7/fhir/dstu3/terminologies/ValueSetExpander.java:6: error: cannot find symbol<br>
    [javac] import org.hl7.fhir.dstu3.model.ExpansionProfile;<br>
    [javac]                                ^<br>
    [javac]   symbol:   class ExpansionProfile<br>
    [javac]   location: package org.hl7.fhir.dstu3.model<br>
    [javac] /Users/mpeters/Documents/FHIR/trunk/build/implementations/java/org.hl7.fhir.dstu3/src/org/hl7/fhir/dstu3/terminologies/ValueSetExpander.java:7: error: cannot find symbol<br>
    [javac] import org.hl7.fhir.dstu3.model.ValueSet;<br>
    [javac]                                ^<br>
    [javac]   symbol:   class ValueSet<br>
    [javac]   location: package org.hl7.fhir.dstu3.model<br>
    [javac] /Users/mpeters/Documents/FHIR/trunk/build/implementations/java/org.hl7.fhir.dstu3/src/org/hl7/fhir/dstu3/validation/ValidationMessage.java:36: error: cannot find symbol<br>
    [javac] import org.hl7.fhir.dstu3.model.OperationOutcome;<br>
    [javac]                                ^<br>
    [javac]   symbol:   class OperationOutcome<br>
    [javac]   location: package org.hl7.fhir.dstu3.model<br>
    [javac] /Users/mpeters/Documents/FHIR/trunk/build/implementations/java/org.hl7.fhir.dstu3/src/org/hl7/fhir/dstu3/validation/ValidationMessage.java:37: error: package org.hl7.fhir.dstu3.model.OperationOutcome does not exist<br>
    [javac] import org.hl7.fhir.dstu3.model.OperationOutcome.IssueSeverity;<br>
    [javac]                                                 ^<br>
    [javac] /Users/mpeters/Documents/FHIR/trunk/build/implementations/java/org.hl7.fhir.dstu3/src/org/hl7/fhir/dstu3/validation/ValidationMessage.java:38: error: package org.hl7.fhir.dstu3.model.OperationOutcome does not exist<br>
    [javac] import org.hl7.fhir.dstu3.model.OperationOutcome.OperationOutcomeIssueComponent;<br>
    [javac]                                                 ^<br>
    [javac] /Users/mpeters/Documents/FHIR/trunk/build/implementations/java/org.hl7.fhir.dstu3/src/org/hl7/fhir/dstu3/context/IWorkerContext.java:8: error: cannot find symbol<br>
    [javac] import org.hl7.fhir.dstu3.model.BaseConformance;<br>
    [javac]                                ^<br>
    [javac]   symbol:   class BaseConformance<br>
    [javac]   location: package org.hl7.fhir.dstu3.model<br>
    [javac] /Users/mpeters/Documents/FHIR/trunk/build/implementations/java/org.hl7.fhir.dstu3/src/org/hl7/fhir/dstu3/context/IWorkerContext.java:9: error: cannot find symbol<br>
    [javac] import org.hl7.fhir.dstu3.model.CodeSystem;<br>
    [javac]                                ^<br>
    [javac]   symbol:   class CodeSystem<br>
    [javac]   location: package org.hl7.fhir.dstu3.model<br>
    [javac] /Users/mpeters/Documents/FHIR/trunk/build/implementations/java/org.hl7.fhir.dstu3/src/org/hl7/fhir/dstu3/context/IWorkerContext.java:10: error: package org.hl7.fhir.dstu3.model.CodeSystem does not exist<br>
    [javac] import org.hl7.fhir.dstu3.model.CodeSystem.ConceptDefinitionComponent;<br>
    [javac]                                           ^<br>
    [javac] /Users/mpeters/Documents/FHIR/trunk/build/implementations/java/org.hl7.fhir.dstu3/src/org/hl7/fhir/dstu3/context/IWorkerCont</p>



<a name="153852028"></a>
<h4><a href="https://chat.fhir.org#narrow/stream/179165-committers/topic/build%20failing/near/153852028" class="zl"><img src="https://fhir.github.io/chat-archive/assets/img/zulip.svg" alt="view this post on Zulip" style="width:20px;height:20px;"></a> Melva Peters <a href="https://fhir.github.io/chat-archive/stream/179165-committers/topic/build.20failing.html#153852028">(Oct 05 2016 at 15:43)</a>:</h4>
<p>Sorry, there's more to the error: too long to paste here.  </p>



<a name="153852591"></a>
<h4><a href="https://chat.fhir.org#narrow/stream/179165-committers/topic/build%20failing/near/153852591" class="zl"><img src="https://fhir.github.io/chat-archive/assets/img/zulip.svg" alt="view this post on Zulip" style="width:20px;height:20px;"></a> Jason Walonoski <a href="https://fhir.github.io/chat-archive/stream/179165-committers/topic/build.20failing.html#153852591">(Oct 11 2016 at 15:38)</a>:</h4>
<p>I've noticed a few build errors on travis, and on my local machine, due to Java heap space... I ended up increasing the JVM memory to 2 GB using the <code>-Xmx2G</code> switch. Seemed to fix the issue locally, but this seems to happen every once in a while on travis.</p>



<a name="153852615"></a>
<h4><a href="https://chat.fhir.org#narrow/stream/179165-committers/topic/build%20failing/near/153852615" class="zl"><img src="https://fhir.github.io/chat-archive/assets/img/zulip.svg" alt="view this post on Zulip" style="width:20px;height:20px;"></a> Grahame Grieve <a href="https://fhir.github.io/chat-archive/stream/179165-committers/topic/build.20failing.html#153852615">(Oct 11 2016 at 19:15)</a>:</h4>
<p>hmm, I thought I was reducing memory utilitization</p>



<a name="153853083"></a>
<h4><a href="https://chat.fhir.org#narrow/stream/179165-committers/topic/build%20failing/near/153853083" class="zl"><img src="https://fhir.github.io/chat-archive/assets/img/zulip.svg" alt="view this post on Zulip" style="width:20px;height:20px;"></a> Melva Peters <a href="https://fhir.github.io/chat-archive/stream/179165-committers/topic/build.20failing.html#153853083">(Oct 18 2016 at 14:04)</a>:</h4>
<p>I updated to the latest version but am now getting a build error.  Any ideas?Publisher:<br>
     [java] Publish FHIR in folder /Users/mpeters/Documents/FHIRBuild/build @ Tue, Oct 18, 2016 06:58-0700 0.012   0sec   21MB<br>
     [java] Build local copy                                                           0.006   0sec   21MB<br>
     [java] Checking Source for /Users/mpeters/Documents/FHIRBuild/build               3.378   3sec  186MB<br>
     [java] Version 1.7.0-10019<br>
     [java] Full Build                                                                 0.521   3sec  235MB<br>
     [java] Load Loinc                                                                 0.089   4sec  257MB<br>
     [java] Loading                                                                    0.311   4sec  321MB<br>
     [java] Exception in thread "main" java.lang.NoSuchMethodError: org.hl7.fhir.utilities.xhtml.XhtmlNode.setName(Ljava/lang/String;)V<br>
     [java]     at org.hl7.fhir.utilities.xhtml.XhtmlParser.parseNode(XhtmlParser.java:303)<br>
     [java]     at org.hl7.fhir.utilities.xhtml.XhtmlParser.parseHtmlNode(XhtmlParser.java:295)<br>
     [java]     at org.hl7.fhir.utilities.xhtml.XhtmlParser.parseHtmlNode(XhtmlParser.java:291)<br>
     [java]     at org.hl7.fhir.definitions.parsers.SourceParser.loadMappingSpaces(SourceParser.java:578)<br>
     [java]     at org.hl7.fhir.definitions.parsers.SourceParser.parse(SourceParser.java:173)<br>
     [java]     at org.hl7.fhir.tools.publisher.Publisher.execute(Publisher.java:550)<br>
     [java]     at org.hl7.fhir.tools.publisher.Publisher.main(Publisher.java:428)</p>
<p>BUILD FAILED<br>
/Users/mpeters/Documents/FHIRBuild/build/build.xml:30: The following error occurred while executing this line:<br>
/Users/mpeters/Documents/FHIRBuild/build/tools/java/org.hl7.fhir.tools.core/build.xml:134: Java returned: 1</p>



<a name="153853084"></a>
<h4><a href="https://chat.fhir.org#narrow/stream/179165-committers/topic/build%20failing/near/153853084" class="zl"><img src="https://fhir.github.io/chat-archive/assets/img/zulip.svg" alt="view this post on Zulip" style="width:20px;height:20px;"></a> Lloyd McKenzie <a href="https://fhir.github.io/chat-archive/stream/179165-committers/topic/build.20failing.html#153853084">(Oct 18 2016 at 14:21)</a>:</h4>
<p>Did you run a clean?</p>



<a name="154025344"></a>
<h4><a href="https://chat.fhir.org#narrow/stream/179165-committers/topic/build%20failing/near/154025344" class="zl"><img src="https://fhir.github.io/chat-archive/assets/img/zulip.svg" alt="view this post on Zulip" style="width:20px;height:20px;"></a> Rob Hausam <a href="https://fhir.github.io/chat-archive/stream/179165-committers/topic/build.20failing.html#154025344">(Dec 13 2018 at 13:51)</a>:</h4>
<p>With everything refreshed and clean, the build is failing for me now with "org.hl7.fhir.exceptions.FHIRException: Unknown FHIRVersion code '3.6.0'".</p>



<a name="154025375"></a>
<h4><a href="https://chat.fhir.org#narrow/stream/179165-committers/topic/build%20failing/near/154025375" class="zl"><img src="https://fhir.github.io/chat-archive/assets/img/zulip.svg" alt="view this post on Zulip" style="width:20px;height:20px;"></a> Lloyd McKenzie <a href="https://fhir.github.io/chat-archive/stream/179165-committers/topic/build.20failing.html#154025375">(Dec 13 2018 at 15:35)</a>:</h4>
<p>The version specified in your IG should now be 4.0.0</p>



<a name="154025417"></a>
<h4><a href="https://chat.fhir.org#narrow/stream/179165-committers/topic/build%20failing/near/154025417" class="zl"><img src="https://fhir.github.io/chat-archive/assets/img/zulip.svg" alt="view this post on Zulip" style="width:20px;height:20px;"></a> Rob Hausam <a href="https://fhir.github.io/chat-archive/stream/179165-committers/topic/build.20failing.html#154025417">(Dec 13 2018 at 19:36)</a>:</h4>
<p><span class="user-mention" data-user-id="191320">@Lloyd McKenzie</span> I'm getting the error when building FHIR core:</p>
<div class="codehilite"><pre><span></span>     [java] WARNING @ vitalsigns.Observation.status: Binding http://hl7.org/fhir/ValueSet/observation-status|4.0.0 could not be located (src = ProfileValidator)
     [java] WARNING: Unable to create warnings file - one or more profiles-* files unavailable or invalid
     [java] To determine the cause of the build failure, look in the log prior to the warning and information messages immediately above
     [java]   ERROR: Unable to process warnings: An empty sequence is not allowed as the value of variable $groups
     [java] This was a Full Build                                                      5.933 299sec  576MB
     [java] Error on line 14
     [java]   XTTE0570: An empty sequence is not allowed as the value of variable $groups
     [java]   in variable groups
     [java] ; SystemID: ; Line#: 14; Column#: -1
     [java] net.sf.saxon.trans.XPathException: An empty sequence is not allowed as the value of variable $groups
     [java]     at net.sf.saxon.expr.Expression.typeError(Expression.java:1163)
     [java]     at net.sf.saxon.expr.CardinalityChecker.iterate(CardinalityChecker.java:226)
     [java]     at net.sf.saxon.expr.ItemChecker.iterate(ItemChecker.java:170)
     [java]     at net.sf.saxon.expr.parser.ExpressionTool.evaluate(ExpressionTool.java:340)
     [java]     at net.sf.saxon.expr.instruct.GlobalVariable.getSelectValue(GlobalVariable.java:563)
     [java]     at net.sf.saxon.expr.instruct.GlobalVariable.actuallyEvaluate(GlobalVariable.java:615)
     [java]     at net.sf.saxon.expr.instruct.GlobalVariable.evaluateVariable(GlobalVariable.java:587)
     [java]     at net.sf.saxon.expr.VariableReference.evaluateVariable(VariableReference.java:505)
     [java]     at net.sf.saxon.expr.VariableReference.iterate(VariableReference.java:453)
     [java]     at net.sf.saxon.expr.SlashExpression.iterate(SlashExpression.java:813)
     [java]     at net.sf.saxon.expr.sort.DocumentSorter.iterate(DocumentSorter.java:145)
     [java]     at net.sf.saxon.expr.Atomizer.iterate(Atomizer.java:294)
     [java]     at net.sf.saxon.functions.DistinctValues.iterate(DistinctValues.java:76)
     [java]     at net.sf.saxon.expr.sort.SortExpression.iterate(SortExpression.java:537)
     [java]     at net.sf.saxon.expr.instruct.ForEach.iterate(ForEach.java:498)
     [java]     at net.sf.saxon.value.MemoClosure.iterate(MemoClosure.java:112)
     [java]     at net.sf.saxon.expr.VariableReference.iterate(VariableReference.java:454)
     [java]     at net.sf.saxon.expr.instruct.ForEach.iterate(ForEach.java:498)
     [java]     at net.sf.saxon.expr.ItemChecker.iterate(ItemChecker.java:170)
     [java]     at net.sf.saxon.value.MemoClosure.iterate(MemoClosure.java:112)
     [java]     at net.sf.saxon.expr.VariableReference.iterate(VariableReference.java:454)
     [java]     at net.sf.saxon.expr.instruct.CopyOf.iterate(CopyOf.java:798)
     [java]     at net.sf.saxon.expr.instruct.BlockIterator.next(BlockIterator.java:49)
     [java]     at net.sf.saxon.expr.sort.SortedIterator.buildArray(SortedIterator.java:223)
     [java]     at net.sf.saxon.expr.sort.SortedIterator.doSort(SortedIterator.java:255)
     [java]     at net.sf.saxon.expr.sort.SortedIterator.next(SortedIterator.java:140)
     [java]     at net.sf.saxon.expr.instruct.ForEach.processLeavingTail(ForEach.java:475)
     [java]     at net.sf.saxon.expr.instruct.Instruction.process(Instruction.java:138)
     [java]     at net.sf.saxon.expr.LetExpression.process(LetExpression.java:463)
     [java]     at net.sf.saxon.expr.instruct.ElementCreator.processLeavingTail(ElementCreator.java:431)
     [java]     at net.sf.saxon.expr.instruct.ElementCreator.processLeavingTail(ElementCreator.java:373)
     [java]     at net.sf.saxon.expr.instruct.Template.applyLeavingTail(Template.java:239)
     [java]     at net.sf.saxon.trans.Mode.applyTemplates(Mode.java:1057)
     [java]     at net.sf.saxon.Controller.transformDocument(Controller.java:2080)
     [java]     at net.sf.saxon.Controller.transform(Controller.java:1903)
     [java]     at org.hl7.fhir.utilities.Utilities.saxonTransform(Utilities.java:374)
     [java]     at org.hl7.fhir.tools.publisher.Publisher.processWarnings(Publisher.java:1908)
     [java]     at org.hl7.fhir.tools.publisher.Publisher.execute(Publisher.java:667)
     [java]     at org.hl7.fhir.tools.publisher.Publisher.main(Publisher.java:492)
     [java] FHIR build failure @ Thu, Dec 13, 2018 13:33-0600                          0.815 300sec  576MB
     [java] Error: Unknown FHIRVersion code &#39;3.6.0&#39;
     [java] org.hl7.fhir.exceptions.FHIRException: Unknown FHIRVersion code &#39;3.6.0&#39;
     [java]     at org.hl7.fhir.r4.model.Enumerations$FHIRVersion.fromCode(Enumerations.java:10025)
     [java]     at org.hl7.fhir.tools.implementations.java.JavaGenerator.compile(JavaGenerator.java:510)
     [java]     at org.hl7.fhir.tools.publisher.Publisher.produceSpecification(Publisher.java:2216)
     [java]     at org.hl7.fhir.tools.publisher.Publisher.execute(Publisher.java:634)
     [java]     at org.hl7.fhir.tools.publisher.Publisher.main(Publisher.java:492)

BUILD FAILED
/Users/rhausam/git-repo/fhir/build.xml:30: The following error occurred while executing this line:
/Users/rhausam/git-repo/fhir/tools/java/org.hl7.fhir.tools.core/build.xml:156: Java returned: 1
</pre></div>



<a name="154025418"></a>
<h4><a href="https://chat.fhir.org#narrow/stream/179165-committers/topic/build%20failing/near/154025418" class="zl"><img src="https://fhir.github.io/chat-archive/assets/img/zulip.svg" alt="view this post on Zulip" style="width:20px;height:20px;"></a> Grahame Grieve <a href="https://fhir.github.io/chat-archive/stream/179165-committers/topic/build.20failing.html#154025418">(Dec 13 2018 at 19:47)</a>:</h4>
<p>look at <a href="http://wiki.hl7.org/index.php?title=FHIR_Package_Cache" target="_blank" title="http://wiki.hl7.org/index.php?title=FHIR_Package_Cache">http://wiki.hl7.org/index.php?title=FHIR_Package_Cache</a> to determine where your package cache is, and then delete your core packages</p>



<a name="154025419"></a>
<h4><a href="https://chat.fhir.org#narrow/stream/179165-committers/topic/build%20failing/near/154025419" class="zl"><img src="https://fhir.github.io/chat-archive/assets/img/zulip.svg" alt="view this post on Zulip" style="width:20px;height:20px;"></a> Rob Hausam <a href="https://fhir.github.io/chat-archive/stream/179165-committers/topic/build.20failing.html#154025419">(Dec 13 2018 at 19:48)</a>:</h4>
<p>ok - yeah, should have thought of that</p>



<a name="154025448"></a>
<h4><a href="https://chat.fhir.org#narrow/stream/179165-committers/topic/build%20failing/near/154025448" class="zl"><img src="https://fhir.github.io/chat-archive/assets/img/zulip.svg" alt="view this post on Zulip" style="width:20px;height:20px;"></a> Rob Hausam <a href="https://fhir.github.io/chat-archive/stream/179165-committers/topic/build.20failing.html#154025448">(Dec 13 2018 at 20:29)</a>:</h4>
<p>I removed the 'current' and '3.6.0' packages from the cache, but that actually didn't fix it</p>



<a name="154025449"></a>
<h4><a href="https://chat.fhir.org#narrow/stream/179165-committers/topic/build%20failing/near/154025449" class="zl"><img src="https://fhir.github.io/chat-archive/assets/img/zulip.svg" alt="view this post on Zulip" style="width:20px;height:20px;"></a> Grahame Grieve <a href="https://fhir.github.io/chat-archive/stream/179165-committers/topic/build.20failing.html#154025449">(Dec 13 2018 at 20:39)</a>:</h4>
<p>same stack?</p>



<a name="154025457"></a>
<h4><a href="https://chat.fhir.org#narrow/stream/179165-committers/topic/build%20failing/near/154025457" class="zl"><img src="https://fhir.github.io/chat-archive/assets/img/zulip.svg" alt="view this post on Zulip" style="width:20px;height:20px;"></a> Rob Hausam <a href="https://fhir.github.io/chat-archive/stream/179165-committers/topic/build.20failing.html#154025457">(Dec 13 2018 at 20:47)</a>:</h4>
<p>yes - if I understand your question correctly</p>



<a name="154025458"></a>
<h4><a href="https://chat.fhir.org#narrow/stream/179165-committers/topic/build%20failing/near/154025458" class="zl"><img src="https://fhir.github.io/chat-archive/assets/img/zulip.svg" alt="view this post on Zulip" style="width:20px;height:20px;"></a> Rob Hausam <a href="https://fhir.github.io/chat-archive/stream/179165-committers/topic/build.20failing.html#154025458">(Dec 13 2018 at 20:52)</a>:</h4>
<p>working on the Mac - removed from ~/.fhir/packages/</p>



<a name="154025459"></a>
<h4><a href="https://chat.fhir.org#narrow/stream/179165-committers/topic/build%20failing/near/154025459" class="zl"><img src="https://fhir.github.io/chat-archive/assets/img/zulip.svg" alt="view this post on Zulip" style="width:20px;height:20px;"></a> Grahame Grieve <a href="https://fhir.github.io/chat-archive/stream/179165-committers/topic/build.20failing.html#154025459">(Dec 13 2018 at 20:53)</a>:</h4>
<p>delete all your .class files</p>



<a name="154025461"></a>
<h4><a href="https://chat.fhir.org#narrow/stream/179165-committers/topic/build%20failing/near/154025461" class="zl"><img src="https://fhir.github.io/chat-archive/assets/img/zulip.svg" alt="view this post on Zulip" style="width:20px;height:20px;"></a> Rob Hausam <a href="https://fhir.github.io/chat-archive/stream/179165-committers/topic/build.20failing.html#154025461">(Dec 13 2018 at 20:55)</a>:</h4>
<p>right - I usually do that as one of the first steps, but didn't this time</p>



<a name="154025643"></a>
<h4><a href="https://chat.fhir.org#narrow/stream/179165-committers/topic/build%20failing/near/154025643" class="zl"><img src="https://fhir.github.io/chat-archive/assets/img/zulip.svg" alt="view this post on Zulip" style="width:20px;height:20px;"></a> Eric Haas <a href="https://fhir.github.io/chat-archive/stream/179165-committers/topic/build.20failing.html#154025643">(Dec 14 2018 at 14:12)</a>:</h4>
<p>my builds fails too after deleting all the class files  and packages:  </p>
<p>several of these...</p>
<div class="codehilite"><pre><span></span> [java] ERROR @ org.hl7.fhir.validation.r4.tests.ValidationTestSuite: test[93: id Xml.uk-nhs-pat.xml](org.hl7.fhir.validation.r4.tests.ValidationTestSuite): Error loading StructureDefinition-questionnaire-targetStructureMap.json: Unknown FHIRVersion code &#39;3.6.0&#39; (src = Publisher)
</pre></div>


<p>what else needs to be cleaned out?</p>



<a name="154025644"></a>
<h4><a href="https://chat.fhir.org#narrow/stream/179165-committers/topic/build%20failing/near/154025644" class="zl"><img src="https://fhir.github.io/chat-archive/assets/img/zulip.svg" alt="view this post on Zulip" style="width:20px;height:20px;"></a> Rob Hausam <a href="https://fhir.github.io/chat-archive/stream/179165-committers/topic/build.20failing.html#154025644">(Dec 14 2018 at 14:15)</a>:</h4>
<p>My build is working again now.  I also deleted the publish and temp directories, but I'm not absolutely certain that deleting both of them is needed.  But doing that and deleting the package and .class files worked for me.</p>



<a name="154998348"></a>
<h4><a href="https://chat.fhir.org#narrow/stream/179165-committers/topic/build%20failing/near/154998348" class="zl"><img src="https://fhir.github.io/chat-archive/assets/img/zulip.svg" alt="view this post on Zulip" style="width:20px;height:20px;"></a> Melva Peters <a href="https://fhir.github.io/chat-archive/stream/179165-committers/topic/build.20failing.html#154998348">(Jan 12 2019 at 20:24)</a>:</h4>
<p>I'm getting this error when I try to run the build.  Any idea what I need to do?  [java] ERROR @ org.hl7.fhir.validation.r4.tests.ValidationTestSuite: test<a href="http://org.hl7.fhir.validation.r4.tests.ValidationTestSuite" target="_blank" title="http://org.hl7.fhir.validation.r4.tests.ValidationTestSuite">86: id Xml.reference-good-contained.xml</a>: Error parsing response message: Unknown FHIRVersion code '4.0.0' (src = Publisher)</p>



<a name="154998929"></a>
<h4><a href="https://chat.fhir.org#narrow/stream/179165-committers/topic/build%20failing/near/154998929" class="zl"><img src="https://fhir.github.io/chat-archive/assets/img/zulip.svg" alt="view this post on Zulip" style="width:20px;height:20px;"></a> Grahame Grieve <a href="https://fhir.github.io/chat-archive/stream/179165-committers/topic/build.20failing.html#154998929">(Jan 12 2019 at 20:41)</a>:</h4>
<p>clean out all your .class files</p>



<a name="155169896"></a>
<h4><a href="https://chat.fhir.org#narrow/stream/179165-committers/topic/build%20failing/near/155169896" class="zl"><img src="https://fhir.github.io/chat-archive/assets/img/zulip.svg" alt="view this post on Zulip" style="width:20px;height:20px;"></a> Melva Peters <a href="https://fhir.github.io/chat-archive/stream/179165-committers/topic/build.20failing.html#155169896">(Jan 15 2019 at 13:46)</a>:</h4>
<p>I'm now getting this error on my build...any ideas?  [java] ERROR @ org.hl7.fhir.igtools.tests.AllGuidesTests: testIg40(org.hl7.fhir.igtools.tests.AllGuidesTests): Unknown FHIRVersion code '3.6.0' (src = Publisher)</p>



<a name="155170615"></a>
<h4><a href="https://chat.fhir.org#narrow/stream/179165-committers/topic/build%20failing/near/155170615" class="zl"><img src="https://fhir.github.io/chat-archive/assets/img/zulip.svg" alt="view this post on Zulip" style="width:20px;height:20px;"></a> Grahame Grieve <a href="https://fhir.github.io/chat-archive/stream/179165-committers/topic/build.20failing.html#155170615">(Jan 15 2019 at 13:56)</a>:</h4>
<p>one of us needs to have a look</p>



<a name="155173207"></a>
<h4><a href="https://chat.fhir.org#narrow/stream/179165-committers/topic/build%20failing/near/155173207" class="zl"><img src="https://fhir.github.io/chat-archive/assets/img/zulip.svg" alt="view this post on Zulip" style="width:20px;height:20px;"></a> Rob Hausam <a href="https://fhir.github.io/chat-archive/stream/179165-committers/topic/build.20failing.html#155173207">(Jan 15 2019 at 14:34)</a>:</h4>
<p>if Grahame doesn't get to it first we can try to find a moment and I can look at it with you again - there's a least one more thing I know to try, I think</p>



<a name="157205648"></a>
<h4><a href="https://chat.fhir.org#narrow/stream/179165-committers/topic/build%20failing/near/157205648" class="zl"><img src="https://fhir.github.io/chat-archive/assets/img/zulip.svg" alt="view this post on Zulip" style="width:20px;height:20px;"></a> Bryn Rhodes <a href="https://fhir.github.io/chat-archive/stream/179165-committers/topic/build.20failing.html#157205648">(Jan 30 2019 at 17:42)</a>:</h4>
<p>I'm looking at it now, but I'm actually getting a different error locally :)</p>



<a name="157206199"></a>
<h4><a href="https://chat.fhir.org#narrow/stream/179165-committers/topic/build%20failing/near/157206199" class="zl"><img src="https://fhir.github.io/chat-archive/assets/img/zulip.svg" alt="view this post on Zulip" style="width:20px;height:20px;"></a> John Moehrke <a href="https://fhir.github.io/chat-archive/stream/179165-committers/topic/build.20failing.html#157206199">(Jan 30 2019 at 17:52)</a>:</h4>
<p>I too have this build failure</p>



<a name="157208103"></a>
<h4><a href="https://chat.fhir.org#narrow/stream/179165-committers/topic/build%20failing/near/157208103" class="zl"><img src="https://fhir.github.io/chat-archive/assets/img/zulip.svg" alt="view this post on Zulip" style="width:20px;height:20px;"></a> Bryn Rhodes <a href="https://fhir.github.io/chat-archive/stream/179165-committers/topic/build.20failing.html#157208103">(Jan 30 2019 at 18:16)</a>:</h4>
<p>I've reproduced it locally, working on a fix now</p>



<a name="157211963"></a>
<h4><a href="https://chat.fhir.org#narrow/stream/179165-committers/topic/build%20failing/near/157211963" class="zl"><img src="https://fhir.github.io/chat-archive/assets/img/zulip.svg" alt="view this post on Zulip" style="width:20px;height:20px;"></a> Grahame Grieve <a href="https://fhir.github.io/chat-archive/stream/179165-committers/topic/build.20failing.html#157211963">(Jan 30 2019 at 19:03)</a>:</h4>
<p>Please do not fix. This is a structural problem and I'm waiting on <span class="user-mention" data-user-id="191319">@James Agnew</span> to advise how to proceed</p>



<a name="157213428"></a>
<h4><a href="https://chat.fhir.org#narrow/stream/179165-committers/topic/build%20failing/near/157213428" class="zl"><img src="https://fhir.github.io/chat-archive/assets/img/zulip.svg" alt="view this post on Zulip" style="width:20px;height:20px;"></a> Bryn Rhodes <a href="https://fhir.github.io/chat-archive/stream/179165-committers/topic/build.20failing.html#157213428">(Jan 30 2019 at 19:17)</a>:</h4>
<p>Understood</p>


{% endraw %}
<hr><p>Last updated: Apr 12 2022 at 19:14 UTC</p>
