[
    {
        "content": "<p>I'm having issues with my local build - failing with the following compile errors.  Anyone have any ideas?  I've tried deleting the java folders from Tools and Implementations which has worked in the past for some of the errors, but not this time. </p>\n<p>build-project:<br>\n     [echo] org.hl7.fhir.dstu3: /Users/mpeters/Documents/FHIR/trunk/build/implementations/java/org.hl7.fhir.dstu3/build.xml<br>\n    [javac] Compiling 168 source files to /Users/mpeters/Documents/FHIR/trunk/build/implementations/java/org.hl7.fhir.dstu3/bin<br>\n    [javac] /Users/mpeters/Documents/FHIR/trunk/build/implementations/java/org.hl7.fhir.dstu3/src/org/hl7/fhir/dstu3/conformance/ProfileComparer.java:14: error: cannot find symbol<br>\n    [javac] import org.hl7.fhir.dstu3.model.Coding;<br>\n    [javac]                                ^<br>\n    [javac]   symbol:   class Coding<br>\n    [javac]   location: package org.hl7.fhir.dstu3.model<br>\n    [javac] /Users/mpeters/Documents/FHIR/trunk/build/implementations/java/org.hl7.fhir.dstu3/src/org/hl7/fhir/dstu3/conformance/ProfileComparer.java:15: error: cannot find symbol<br>\n    [javac] import org.hl7.fhir.dstu3.model.ElementDefinition;<br>\n    [javac]                                ^<br>\n    [javac]   symbol:   class ElementDefinition<br>\n    [javac]   location: package org.hl7.fhir.dstu3.model<br>\n    [javac] /Users/mpeters/Documents/FHIR/trunk/build/implementations/java/org.hl7.fhir.dstu3/src/org/hl7/fhir/dstu3/conformance/ProfileComparer.java:16: error: package org.hl7.fhir.dstu3.model.ElementDefinition does not exist<br>\n    [javac] import org.hl7.fhir.dstu3.model.ElementDefinition.ElementDefinitionBindingComponent;<br>\n    [javac]                                                  ^<br>\n    [javac] /Users/mpeters/Documents/FHIR/trunk/build/implementations/java/org.hl7.fhir.dstu3/src/org/hl7/fhir/dstu3/conformance/ProfileComparer.java:17: error: package org.hl7.fhir.dstu3.model.ElementDefinition does not exist<br>\n    [javac] import org.hl7.fhir.dstu3.model.ElementDefinition.ElementDefinitionConstraintComponent;<br>\n    [javac]                                                  ^<br>\n    [javac] /Users/mpeters/Documents/FHIR/trunk/build/implementations/java/org.hl7.fhir.dstu3/src/org/hl7/fhir/dstu3/conformance/ProfileComparer.java:18: error: package org.hl7.fhir.dstu3.model.ElementDefinition does not exist<br>\n    [javac] import org.hl7.fhir.dstu3.model.ElementDefinition.ElementDefinitionMappingComponent;<br>\n    [javac]                                                  ^<br>\n    [javac] /Users/mpeters/Documents/FHIR/trunk/build/implementations/java/org.hl7.fhir.dstu3/src/org/hl7/fhir/dstu3/conformance/ProfileComparer.java:19: error: package org.hl7.fhir.dstu3.model.ElementDefinition does not exist<br>\n    [javac] import org.hl7.fhir.dstu3.model.ElementDefinition.TypeRefComponent;<br>\n    [javac]                                                  ^<br>\n    [javac] /Users/mpeters/Documents/FHIR/trunk/build/implementations/java/org.hl7.fhir.dstu3/src/org/hl7/fhir/dstu3/conformance/ProfileComparer.java:20: error: package org.hl7.fhir.dstu3.model.Enumerations does not exist<br>\n    [javac] import org.hl7.fhir.dstu3.model.Enumerations.BindingStrength;<br>\n    [javac]                                             ^<br>\n    [javac] /Users/mpeters/Documents/FHIR/trunk/build/implementations/java/org.hl7.fhir.dstu3/src/org/hl7/fhir/dstu3/conformance/ProfileComparer.java:21: error: package org.hl7.fhir.dstu3.model.Enumerations does not exist<br>\n    [javac] import org.hl7.fhir.dstu3.model.Enumerations.ConformanceResourceStatus;<br>\n    [javac]                                             ^<br>\n    [javac] /Users/mpeters/Documents/FHIR/trunk/build/implementations/java/org.hl7.fhir.dstu3/src/org/hl7/fhir/dstu3/conformance/ProfileComparer.java:23: error: package org.hl7.fhir.dstu3.model.OperationOutcome does not exist<br>\n    [javac] import org.hl7.fhir.dstu3.model.OperationOutcome.IssueSeverity;<br>\n    [javac]                                                 ^<br>\n    [javac] /Users/mpeters/Documents/FHIR/trunk/build/implementations/java/org.hl7.fhir.dstu3/src/org/hl7/fhir/dstu3/conformance/ProfileComparer.java:24: error: package org.hl7.fhir.dstu3.model.OperationOutcome does not exist<br>\n    [javac] import org.hl7.fhir.dstu3.model.OperationOutcome.IssueType;<br>\n    [javac]                                                 ^<br>\n    [javac] /Users/mpeters/Documents/FHIR/trunk/build/implementations/java/org.hl7.fhir.dstu3/src/org/hl7/fhir/dstu3/conformance/ProfileComparer.java:26: error: cannot find symbol<br>\n    [javac] import org.hl7.fhir.dstu3.model.Reference;<br>\n    [javac]                                ^<br>\n    [javac]   symbol:   class Reference<br>\n    [javac]   location: package org.hl7.fhir.dstu3.model<br>\n    [javac] /Users/mpeters/Documents/FHIR/trunk/build/implementations/java/org.hl7.fhir.dstu3/src/org/hl7/fhir/dstu3/conformance/ProfileComparer.java:28: error: cannot find symbol<br>\n    [javac] import org.hl7.fhir.dstu3.model.StructureDefinition;<br>\n    [javac]                                ^<br>\n    [javac]   symbol:   class StructureDefinition<br>\n    [javac]   location: package org.hl7.fhir.dstu3.model<br>\n    [javac] /Users/mpeters/Documents/FHIR/trunk/build/implementations/java/org.hl7.fhir.dstu3/src/org/hl7/fhir/dstu3/conformance/ProfileComparer.java:29: error: package org.hl7.fhir.dstu3.model.StructureDefinition does not exist<br>\n    [javac] import org.hl7.fhir.dstu3.model.StructureDefinition.TypeDerivationRule;<br>\n    [javac]                                                    ^<br>\n    [javac] /Users/mpeters/Documents/FHIR/trunk/build/implementations/java/org.hl7.fhir.dstu3/src/org/hl7/fhir/dstu3/conformance/ProfileComparer.java:32: error: cannot find symbol<br>\n    [javac] import org.hl7.fhir.dstu3.model.ValueSet;<br>\n    [javac]                                ^<br>\n    [javac]   symbol:   class ValueSet<br>\n    [javac]   location: package org.hl7.fhir.dstu3.model<br>\n    [javac] /Users/mpeters/Documents/FHIR/trunk/build/implementations/java/org.hl7.fhir.dstu3/src/org/hl7/fhir/dstu3/conformance/ProfileComparer.java:33: error: package org.hl7.fhir.dstu3.model.ValueSet does not exist<br>\n    [javac] import org.hl7.fhir.dstu3.model.ValueSet.ConceptReferenceComponent;<br>\n    [javac]                                         ^<br>\n    [javac] /Users/mpeters/Documents/FHIR/trunk/build/implementations/java/org.hl7.fhir.dstu3/src/org/hl7/fhir/dstu3/conformance/ProfileComparer.java:34: error: package org.hl7.fhir.dstu3.model.ValueSet does not exist<br>\n    [javac] import org.hl7.fhir.dstu3.model.ValueSet.ConceptSetComponent;<br>\n    [javac]                                         ^<br>\n    [javac] /Users/mpeters/Documents/FHIR/trunk/build/implementations/java/org.hl7.fhir.dstu3/src/org/hl7/fhir/dstu3/conformance/ProfileComparer.java:35: error: package org.hl7.fhir.dstu3.model.ValueSet does not exist<br>\n    [javac] import org.hl7.fhir.dstu3.model.ValueSet.ValueSetExpansionContainsComponent;<br>\n    [javac]                                         ^<br>\n    [javac] /Users/mpeters/Documents/FHIR/trunk/build/implementations/java/org.hl7.fhir.dstu3/src/org/hl7/fhir/dstu3/terminologies/ValueSetExpander.java:6: error: cannot find symbol<br>\n    [javac] import org.hl7.fhir.dstu3.model.ExpansionProfile;<br>\n    [javac]                                ^<br>\n    [javac]   symbol:   class ExpansionProfile<br>\n    [javac]   location: package org.hl7.fhir.dstu3.model<br>\n    [javac] /Users/mpeters/Documents/FHIR/trunk/build/implementations/java/org.hl7.fhir.dstu3/src/org/hl7/fhir/dstu3/terminologies/ValueSetExpander.java:7: error: cannot find symbol<br>\n    [javac] import org.hl7.fhir.dstu3.model.ValueSet;<br>\n    [javac]                                ^<br>\n    [javac]   symbol:   class ValueSet<br>\n    [javac]   location: package org.hl7.fhir.dstu3.model<br>\n    [javac] /Users/mpeters/Documents/FHIR/trunk/build/implementations/java/org.hl7.fhir.dstu3/src/org/hl7/fhir/dstu3/validation/ValidationMessage.java:36: error: cannot find symbol<br>\n    [javac] import org.hl7.fhir.dstu3.model.OperationOutcome;<br>\n    [javac]                                ^<br>\n    [javac]   symbol:   class OperationOutcome<br>\n    [javac]   location: package org.hl7.fhir.dstu3.model<br>\n    [javac] /Users/mpeters/Documents/FHIR/trunk/build/implementations/java/org.hl7.fhir.dstu3/src/org/hl7/fhir/dstu3/validation/ValidationMessage.java:37: error: package org.hl7.fhir.dstu3.model.OperationOutcome does not exist<br>\n    [javac] import org.hl7.fhir.dstu3.model.OperationOutcome.IssueSeverity;<br>\n    [javac]                                                 ^<br>\n    [javac] /Users/mpeters/Documents/FHIR/trunk/build/implementations/java/org.hl7.fhir.dstu3/src/org/hl7/fhir/dstu3/validation/ValidationMessage.java:38: error: package org.hl7.fhir.dstu3.model.OperationOutcome does not exist<br>\n    [javac] import org.hl7.fhir.dstu3.model.OperationOutcome.OperationOutcomeIssueComponent;<br>\n    [javac]                                                 ^<br>\n    [javac] /Users/mpeters/Documents/FHIR/trunk/build/implementations/java/org.hl7.fhir.dstu3/src/org/hl7/fhir/dstu3/context/IWorkerContext.java:8: error: cannot find symbol<br>\n    [javac] import org.hl7.fhir.dstu3.model.BaseConformance;<br>\n    [javac]                                ^<br>\n    [javac]   symbol:   class BaseConformance<br>\n    [javac]   location: package org.hl7.fhir.dstu3.model<br>\n    [javac] /Users/mpeters/Documents/FHIR/trunk/build/implementations/java/org.hl7.fhir.dstu3/src/org/hl7/fhir/dstu3/context/IWorkerContext.java:9: error: cannot find symbol<br>\n    [javac] import org.hl7.fhir.dstu3.model.CodeSystem;<br>\n    [javac]                                ^<br>\n    [javac]   symbol:   class CodeSystem<br>\n    [javac]   location: package org.hl7.fhir.dstu3.model<br>\n    [javac] /Users/mpeters/Documents/FHIR/trunk/build/implementations/java/org.hl7.fhir.dstu3/src/org/hl7/fhir/dstu3/context/IWorkerContext.java:10: error: package org.hl7.fhir.dstu3.model.CodeSystem does not exist<br>\n    [javac] import org.hl7.fhir.dstu3.model.CodeSystem.ConceptDefinitionComponent;<br>\n    [javac]                                           ^<br>\n    [javac] /Users/mpeters/Documents/FHIR/trunk/build/implementations/java/org.hl7.fhir.dstu3/src/org/hl7/fhir/dstu3/context/IWorkerCont</p>",
        "id": 153852027,
        "sender_full_name": "Melva Peters",
        "timestamp": 1475681987
    },
    {
        "content": "<p>Sorry, there's more to the error: too long to paste here.  </p>",
        "id": 153852028,
        "sender_full_name": "Melva Peters",
        "timestamp": 1475682180
    },
    {
        "content": "<p>I've noticed a few build errors on travis, and on my local machine, due to Java heap space... I ended up increasing the JVM memory to 2 GB using the <code>-Xmx2G</code> switch. Seemed to fix the issue locally, but this seems to happen every once in a while on travis.</p>",
        "id": 153852591,
        "sender_full_name": "Jason Walonoski",
        "timestamp": 1476200282
    },
    {
        "content": "<p>hmm, I thought I was reducing memory utilitization</p>",
        "id": 153852615,
        "sender_full_name": "Grahame Grieve",
        "timestamp": 1476213305
    },
    {
        "content": "<p>I updated to the latest version but am now getting a build error.  Any ideas?Publisher:<br>\n     [java] Publish FHIR in folder /Users/mpeters/Documents/FHIRBuild/build @ Tue, Oct 18, 2016 06:58-0700 0.012   0sec   21MB<br>\n     [java] Build local copy                                                           0.006   0sec   21MB<br>\n     [java] Checking Source for /Users/mpeters/Documents/FHIRBuild/build               3.378   3sec  186MB<br>\n     [java] Version 1.7.0-10019<br>\n     [java] Full Build                                                                 0.521   3sec  235MB<br>\n     [java] Load Loinc                                                                 0.089   4sec  257MB<br>\n     [java] Loading                                                                    0.311   4sec  321MB<br>\n     [java] Exception in thread \"main\" java.lang.NoSuchMethodError: org.hl7.fhir.utilities.xhtml.XhtmlNode.setName(Ljava/lang/String;)V<br>\n     [java]     at org.hl7.fhir.utilities.xhtml.XhtmlParser.parseNode(XhtmlParser.java:303)<br>\n     [java]     at org.hl7.fhir.utilities.xhtml.XhtmlParser.parseHtmlNode(XhtmlParser.java:295)<br>\n     [java]     at org.hl7.fhir.utilities.xhtml.XhtmlParser.parseHtmlNode(XhtmlParser.java:291)<br>\n     [java]     at org.hl7.fhir.definitions.parsers.SourceParser.loadMappingSpaces(SourceParser.java:578)<br>\n     [java]     at org.hl7.fhir.definitions.parsers.SourceParser.parse(SourceParser.java:173)<br>\n     [java]     at org.hl7.fhir.tools.publisher.Publisher.execute(Publisher.java:550)<br>\n     [java]     at org.hl7.fhir.tools.publisher.Publisher.main(Publisher.java:428)</p>\n<p>BUILD FAILED<br>\n/Users/mpeters/Documents/FHIRBuild/build/build.xml:30: The following error occurred while executing this line:<br>\n/Users/mpeters/Documents/FHIRBuild/build/tools/java/org.hl7.fhir.tools.core/build.xml:134: Java returned: 1</p>",
        "id": 153853083,
        "sender_full_name": "Melva Peters",
        "timestamp": 1476799442
    },
    {
        "content": "<p>Did you run a clean?</p>",
        "id": 153853084,
        "sender_full_name": "Lloyd McKenzie",
        "timestamp": 1476800482
    },
    {
        "content": "<p>With everything refreshed and clean, the build is failing for me now with \"org.hl7.fhir.exceptions.FHIRException: Unknown FHIRVersion code '3.6.0'\".</p>",
        "id": 154025344,
        "sender_full_name": "Rob Hausam",
        "timestamp": 1544709069
    },
    {
        "content": "<p>The version specified in your IG should now be 4.0.0</p>",
        "id": 154025375,
        "sender_full_name": "Lloyd McKenzie",
        "timestamp": 1544715342
    },
    {
        "content": "<p><span class=\"user-mention\" data-user-id=\"191320\">@Lloyd McKenzie</span> I'm getting the error when building FHIR core:</p>\n<div class=\"codehilite\"><pre><span></span>     [java] WARNING @ vitalsigns.Observation.status: Binding http://hl7.org/fhir/ValueSet/observation-status|4.0.0 could not be located (src = ProfileValidator)\n     [java] WARNING: Unable to create warnings file - one or more profiles-* files unavailable or invalid\n     [java] To determine the cause of the build failure, look in the log prior to the warning and information messages immediately above\n     [java]   ERROR: Unable to process warnings: An empty sequence is not allowed as the value of variable $groups\n     [java] This was a Full Build                                                      5.933 299sec  576MB\n     [java] Error on line 14\n     [java]   XTTE0570: An empty sequence is not allowed as the value of variable $groups\n     [java]   in variable groups\n     [java] ; SystemID: ; Line#: 14; Column#: -1\n     [java] net.sf.saxon.trans.XPathException: An empty sequence is not allowed as the value of variable $groups\n     [java]     at net.sf.saxon.expr.Expression.typeError(Expression.java:1163)\n     [java]     at net.sf.saxon.expr.CardinalityChecker.iterate(CardinalityChecker.java:226)\n     [java]     at net.sf.saxon.expr.ItemChecker.iterate(ItemChecker.java:170)\n     [java]     at net.sf.saxon.expr.parser.ExpressionTool.evaluate(ExpressionTool.java:340)\n     [java]     at net.sf.saxon.expr.instruct.GlobalVariable.getSelectValue(GlobalVariable.java:563)\n     [java]     at net.sf.saxon.expr.instruct.GlobalVariable.actuallyEvaluate(GlobalVariable.java:615)\n     [java]     at net.sf.saxon.expr.instruct.GlobalVariable.evaluateVariable(GlobalVariable.java:587)\n     [java]     at net.sf.saxon.expr.VariableReference.evaluateVariable(VariableReference.java:505)\n     [java]     at net.sf.saxon.expr.VariableReference.iterate(VariableReference.java:453)\n     [java]     at net.sf.saxon.expr.SlashExpression.iterate(SlashExpression.java:813)\n     [java]     at net.sf.saxon.expr.sort.DocumentSorter.iterate(DocumentSorter.java:145)\n     [java]     at net.sf.saxon.expr.Atomizer.iterate(Atomizer.java:294)\n     [java]     at net.sf.saxon.functions.DistinctValues.iterate(DistinctValues.java:76)\n     [java]     at net.sf.saxon.expr.sort.SortExpression.iterate(SortExpression.java:537)\n     [java]     at net.sf.saxon.expr.instruct.ForEach.iterate(ForEach.java:498)\n     [java]     at net.sf.saxon.value.MemoClosure.iterate(MemoClosure.java:112)\n     [java]     at net.sf.saxon.expr.VariableReference.iterate(VariableReference.java:454)\n     [java]     at net.sf.saxon.expr.instruct.ForEach.iterate(ForEach.java:498)\n     [java]     at net.sf.saxon.expr.ItemChecker.iterate(ItemChecker.java:170)\n     [java]     at net.sf.saxon.value.MemoClosure.iterate(MemoClosure.java:112)\n     [java]     at net.sf.saxon.expr.VariableReference.iterate(VariableReference.java:454)\n     [java]     at net.sf.saxon.expr.instruct.CopyOf.iterate(CopyOf.java:798)\n     [java]     at net.sf.saxon.expr.instruct.BlockIterator.next(BlockIterator.java:49)\n     [java]     at net.sf.saxon.expr.sort.SortedIterator.buildArray(SortedIterator.java:223)\n     [java]     at net.sf.saxon.expr.sort.SortedIterator.doSort(SortedIterator.java:255)\n     [java]     at net.sf.saxon.expr.sort.SortedIterator.next(SortedIterator.java:140)\n     [java]     at net.sf.saxon.expr.instruct.ForEach.processLeavingTail(ForEach.java:475)\n     [java]     at net.sf.saxon.expr.instruct.Instruction.process(Instruction.java:138)\n     [java]     at net.sf.saxon.expr.LetExpression.process(LetExpression.java:463)\n     [java]     at net.sf.saxon.expr.instruct.ElementCreator.processLeavingTail(ElementCreator.java:431)\n     [java]     at net.sf.saxon.expr.instruct.ElementCreator.processLeavingTail(ElementCreator.java:373)\n     [java]     at net.sf.saxon.expr.instruct.Template.applyLeavingTail(Template.java:239)\n     [java]     at net.sf.saxon.trans.Mode.applyTemplates(Mode.java:1057)\n     [java]     at net.sf.saxon.Controller.transformDocument(Controller.java:2080)\n     [java]     at net.sf.saxon.Controller.transform(Controller.java:1903)\n     [java]     at org.hl7.fhir.utilities.Utilities.saxonTransform(Utilities.java:374)\n     [java]     at org.hl7.fhir.tools.publisher.Publisher.processWarnings(Publisher.java:1908)\n     [java]     at org.hl7.fhir.tools.publisher.Publisher.execute(Publisher.java:667)\n     [java]     at org.hl7.fhir.tools.publisher.Publisher.main(Publisher.java:492)\n     [java] FHIR build failure @ Thu, Dec 13, 2018 13:33-0600                          0.815 300sec  576MB\n     [java] Error: Unknown FHIRVersion code &#39;3.6.0&#39;\n     [java] org.hl7.fhir.exceptions.FHIRException: Unknown FHIRVersion code &#39;3.6.0&#39;\n     [java]     at org.hl7.fhir.r4.model.Enumerations$FHIRVersion.fromCode(Enumerations.java:10025)\n     [java]     at org.hl7.fhir.tools.implementations.java.JavaGenerator.compile(JavaGenerator.java:510)\n     [java]     at org.hl7.fhir.tools.publisher.Publisher.produceSpecification(Publisher.java:2216)\n     [java]     at org.hl7.fhir.tools.publisher.Publisher.execute(Publisher.java:634)\n     [java]     at org.hl7.fhir.tools.publisher.Publisher.main(Publisher.java:492)\n\nBUILD FAILED\n/Users/rhausam/git-repo/fhir/build.xml:30: The following error occurred while executing this line:\n/Users/rhausam/git-repo/fhir/tools/java/org.hl7.fhir.tools.core/build.xml:156: Java returned: 1\n</pre></div>",
        "id": 154025417,
        "sender_full_name": "Rob Hausam",
        "timestamp": 1544729774
    },
    {
        "content": "<p>look at <a href=\"http://wiki.hl7.org/index.php?title=FHIR_Package_Cache\" target=\"_blank\" title=\"http://wiki.hl7.org/index.php?title=FHIR_Package_Cache\">http://wiki.hl7.org/index.php?title=FHIR_Package_Cache</a> to determine where your package cache is, and then delete your core packages</p>",
        "id": 154025418,
        "sender_full_name": "Grahame Grieve",
        "timestamp": 1544730454
    },
    {
        "content": "<p>ok - yeah, should have thought of that</p>",
        "id": 154025419,
        "sender_full_name": "Rob Hausam",
        "timestamp": 1544730518
    },
    {
        "content": "<p>I removed the 'current' and '3.6.0' packages from the cache, but that actually didn't fix it</p>",
        "id": 154025448,
        "sender_full_name": "Rob Hausam",
        "timestamp": 1544732992
    },
    {
        "content": "<p>same stack?</p>",
        "id": 154025449,
        "sender_full_name": "Grahame Grieve",
        "timestamp": 1544733554
    },
    {
        "content": "<p>yes - if I understand your question correctly</p>",
        "id": 154025457,
        "sender_full_name": "Rob Hausam",
        "timestamp": 1544734072
    },
    {
        "content": "<p>working on the Mac - removed from ~/.fhir/packages/</p>",
        "id": 154025458,
        "sender_full_name": "Rob Hausam",
        "timestamp": 1544734324
    },
    {
        "content": "<p>delete all your .class files</p>",
        "id": 154025459,
        "sender_full_name": "Grahame Grieve",
        "timestamp": 1544734414
    },
    {
        "content": "<p>right - I usually do that as one of the first steps, but didn't this time</p>",
        "id": 154025461,
        "sender_full_name": "Rob Hausam",
        "timestamp": 1544734544
    },
    {
        "content": "<p>my builds fails too after deleting all the class files  and packages:  </p>\n<p>several of these...</p>\n<div class=\"codehilite\"><pre><span></span> [java] ERROR @ org.hl7.fhir.validation.r4.tests.ValidationTestSuite: test[93: id Xml.uk-nhs-pat.xml](org.hl7.fhir.validation.r4.tests.ValidationTestSuite): Error loading StructureDefinition-questionnaire-targetStructureMap.json: Unknown FHIRVersion code &#39;3.6.0&#39; (src = Publisher)\n</pre></div>\n\n\n<p>what else needs to be cleaned out?</p>",
        "id": 154025643,
        "sender_full_name": "Eric Haas",
        "timestamp": 1544796749
    },
    {
        "content": "<p>My build is working again now.  I also deleted the publish and temp directories, but I'm not absolutely certain that deleting both of them is needed.  But doing that and deleting the package and .class files worked for me.</p>",
        "id": 154025644,
        "sender_full_name": "Rob Hausam",
        "timestamp": 1544796913
    },
    {
        "content": "<p>I'm getting this error when I try to run the build.  Any idea what I need to do?  [java] ERROR @ org.hl7.fhir.validation.r4.tests.ValidationTestSuite: test<a href=\"http://org.hl7.fhir.validation.r4.tests.ValidationTestSuite\" target=\"_blank\" title=\"http://org.hl7.fhir.validation.r4.tests.ValidationTestSuite\">86: id Xml.reference-good-contained.xml</a>: Error parsing response message: Unknown FHIRVersion code '4.0.0' (src = Publisher)</p>",
        "id": 154998348,
        "sender_full_name": "Melva Peters",
        "timestamp": 1547324690
    },
    {
        "content": "<p>clean out all your .class files</p>",
        "id": 154998929,
        "sender_full_name": "Grahame Grieve",
        "timestamp": 1547325701
    },
    {
        "content": "<p>I'm now getting this error on my build...any ideas?  [java] ERROR @ org.hl7.fhir.igtools.tests.AllGuidesTests: testIg40(org.hl7.fhir.igtools.tests.AllGuidesTests): Unknown FHIRVersion code '3.6.0' (src = Publisher)</p>",
        "id": 155169896,
        "sender_full_name": "Melva Peters",
        "timestamp": 1547560012
    },
    {
        "content": "<p>one of us needs to have a look</p>",
        "id": 155170615,
        "sender_full_name": "Grahame Grieve",
        "timestamp": 1547560572
    },
    {
        "content": "<p>if Grahame doesn't get to it first we can try to find a moment and I can look at it with you again - there's a least one more thing I know to try, I think</p>",
        "id": 155173207,
        "sender_full_name": "Rob Hausam",
        "timestamp": 1547562882
    },
    {
        "content": "<p>I'm looking at it now, but I'm actually getting a different error locally :)</p>",
        "id": 157205648,
        "sender_full_name": "Bryn Rhodes",
        "timestamp": 1548870166
    },
    {
        "content": "<p>I too have this build failure</p>",
        "id": 157206199,
        "sender_full_name": "John Moehrke",
        "timestamp": 1548870740
    },
    {
        "content": "<p>I've reproduced it locally, working on a fix now</p>",
        "id": 157208103,
        "sender_full_name": "Bryn Rhodes",
        "timestamp": 1548872215
    },
    {
        "content": "<p>Please do not fix. This is a structural problem and I'm waiting on <span class=\"user-mention\" data-user-id=\"191319\">@James Agnew</span> to advise how to proceed</p>",
        "id": 157211963,
        "sender_full_name": "Grahame Grieve",
        "timestamp": 1548875034
    },
    {
        "content": "<p>Understood</p>",
        "id": 157213428,
        "sender_full_name": "Bryn Rhodes",
        "timestamp": 1548875828
    }
]