[
    {
        "content": "<p>I'm seeing these errors now when I execute an mvn clean install with full debugging - thoughts/suggestions?</p>\n<p>Running ca.uhn.fhir.rest.server.RequestValidatingInterceptorDstu3Test<br>\nTests run: 15, Failures: 0, Errors: 0, Skipped: 0, Time elapsed: 23.894 sec - in ca.uhn.fhir.rest.server.RequestValidatingInterceptorDstu3Test</p>\n<p>Results :</p>\n<p>Failed tests: <br>\n  QuestionnaireResponseValidatorDstu3Test.testCodedAnswer:133 ValidationResult{messageCount=1, isSuccessful=true, description='WARNING - Error unable to find code system <a href=\"http://codesystems.com/system\" target=\"_blank\" title=\"http://codesystems.com/system\">http://codesystems.com/system</a> validating Coding against Questionnaire Options - QuestionnaireResponse.item.answer'} expected:&lt;0&gt; but was:&lt;1&gt;<br>\n  QuestionnaireResponseValidatorDstu3Test.testOpenchoiceAnswer:254 ValidationResult{messageCount=1, isSuccessful=true, description='WARNING - Error unable to find code system <a href=\"http://codesystems.com/system\" target=\"_blank\" title=\"http://codesystems.com/system\">http://codesystems.com/system</a> validating Coding against Questionnaire Options - QuestionnaireResponse.item.answer'} expected:&lt;0&gt; but was:&lt;1&gt;</p>\n<p>Tests run: 405, Failures: 2, Errors: 0, Skipped: 18</p>\n<p>[INFO] ------------------------------------------------------------------------<br>\n[INFO] Reactor Summary:<br>\n[INFO] <br>\n[INFO] HAPI-FHIR .......................................... SUCCESS [  2.422 s]<br>\n[INFO] HAPI FHIR - Deployable Artifact Parent POM ......... SUCCESS [  0.979 s]<br>\n[INFO] HAPI FHIR - Core Library ........................... SUCCESS [ 59.305 s]<br>\n[INFO] HAPI FHIR - Validation Resources (DSTU3) ........... SUCCESS [ 20.123 s]<br>\n[INFO] HAPI Tinder Plugin ................................. SUCCESS [01:13 min]<br>\n[INFO] HAPI FHIR Structures - DSTU1 (FHIR v0.80) .......... SUCCESS [02:28 min]<br>\n[INFO] HAPI FHIR - Validation Resources (DSTU2) ........... SUCCESS [  2.539 s]<br>\n[INFO] HAPI FHIR Structures - DSTU2 (FHIR v1.0.0) ......... SUCCESS [02:06 min]<br>\n[INFO] HAPI FHIR - Minimal Dependency Test - Client ....... SUCCESS [  3.690 s]<br>\n[INFO] HAPI FHIR - Minimal Dependency Test - Server ....... SUCCESS [  6.056 s]<br>\n[INFO] HAPI Tinder Plugin - Test Project .................. SUCCESS [ 13.452 s]<br>\n[INFO] HAPI FHIR Structures - <a href=\"http://HL7.org\" target=\"_blank\" title=\"http://HL7.org\">HL7.org</a> DSTU2 ............... SUCCESS [03:53 min]<br>\n[INFO] HAPI FHIR Structures - DSTU3 ....................... FAILURE [06:35 min]<br>\n[INFO] HAPI FHIR JAX-RS Server ............................ SKIPPED<br>\n[INFO] HAPI FHIR JAX-RS Server - Example .................. SKIPPED<br>\n[INFO] HAPI FHIR JPA Server ............................... SKIPPED<br>\n[INFO] HAPI FHIR TestPage Overlay ......................... SKIPPED<br>\n[INFO] HAPI FHIR JPA Server - Example ..................... SKIPPED<br>\n[INFO] HAPI FHIR Sample RESTful Server .................... SKIPPED<br>\n[INFO] HAPI FHIR Sample RESTful Server - Tests ............ SKIPPED<br>\n[INFO] HAPI FHIR - <a href=\"http://fhirtest.uhn.ca\" target=\"_blank\" title=\"http://fhirtest.uhn.ca\">fhirtest.uhn.ca</a> Deployable WAR ......... SKIPPED<br>\n[INFO] HAPI FHIR - Android ................................ SKIPPED<br>\n[INFO] HAPI FHIR - Command Line Client - Base Project ..... SKIPPED<br>\n[INFO] HAPI FHIR - Command Line Client - Server WAR ....... SKIPPED<br>\n[INFO] HAPI FHIR - Command Line Client - Application ...... SKIPPED<br>\n[INFO] HAPI FHIR - Distribution Archive ................... SKIPPED<br>\n[INFO] HAPI FHIR - Examples (for site) .................... SKIPPED<br>\n[INFO] hapi-fhir-base-example-embedded-ws ................. SKIPPED<br>\n[INFO] ------------------------------------------------------------------------<br>\n[INFO] BUILD FAILURE<br>\n[INFO] ------------------------------------------------------------------------<br>\n[INFO] Total time: 18:07 min<br>\n[INFO] Finished at: 2016-06-09T23:29:15-06:00<br>\n[INFO] Final Memory: 273M/807M<br>\n[INFO] ------------------------------------------------------------------------<br>\n[ERROR] Failed to execute goal org.apache.maven.plugins:maven-surefire-plugin:2.19.1:test (default-test) on project hapi-fhir-structures-dstu3: There are test failures.<br>\n[ERROR] <br>\n[ERROR] Please refer to /Users/rhausam/hapi-fhir/hapi-fhir-structures-dstu3/target/surefire-reports for the individual test results.<br>\n[ERROR] -&gt; [Help 1]<br>\norg.apache.maven.lifecycle.LifecycleExecutionException: Failed to execute goal org.apache.maven.plugins:maven-surefire-plugin:2.19.1:test (default-test) on project hapi-fhir-structures-dstu3: There are test failures.</p>\n<p>Please refer to /Users/rhausam/hapi-fhir/hapi-fhir-structures-dstu3/target/surefire-reports for the individual test results.<br>\n    at org.apache.maven.lifecycle.internal.MojoExecutor.execute(MojoExecutor.java:212)<br>\n    at org.apache.maven.lifecycle.internal.MojoExecutor.execute(MojoExecutor.java:153)<br>\n    at org.apache.maven.lifecycle.internal.MojoExecutor.execute(MojoExecutor.java:145)<br>\n    at org.apache.maven.lifecycle.internal.LifecycleModuleBuilder.buildProject(LifecycleModuleBuilder.java:116)<br>\n    at org.apache.maven.lifecycle.internal.LifecycleModuleBuilder.buildProject(LifecycleModuleBuilder.java:80)<br>\n    at org.apache.maven.lifecycle.internal.builder.singlethreaded.SingleThreadedBuilder.build(SingleThreadedBuilder.java:51)<br>\n    at org.apache.maven.lifecycle.internal.LifecycleStarter.execute(LifecycleStarter.java:128)<br>\n    at org.apache.maven.DefaultMaven.doExecute(DefaultMaven.java:307)<br>\n    at org.apache.maven.DefaultMaven.doExecute(DefaultMaven.java:193)<br>\n    at org.apache.maven.DefaultMaven.execute(DefaultMaven.java:106)<br>\n    at org.apache.maven.cli.MavenCli.execute(MavenCli.java:863)<br>\n    at org.apache.maven.cli.MavenCli.doMain(MavenCli.java:288)<br>\n    at org.apache.maven.cli.MavenCli.main(MavenCli.java:199)<br>\n    at sun.reflect.NativeMethodAccessorImpl.invoke0(Native Method)<br>\n    at sun.reflect.NativeMethodAccessorImpl.invoke(NativeMethodAccessorImpl.java:62)<br>\n    at sun.reflect.DelegatingMethodAccessorImpl.invoke(DelegatingMethodAccessorImpl.java:43)<br>\n    at java.lang.reflect.Method.invoke(Method.java:497)<br>\n    at org.codehaus.plexus.classworlds.launcher.Launcher.launchEnhanced(Launcher.java:289)<br>\n    at org.codehaus.plexus.classworlds.launcher.Launcher.launch(Launcher.java:229)<br>\n    at org.codehaus.plexus.classworlds.launcher.Launcher.mainWithExitCode(Launcher.java:415)<br>\n    at org.codehaus.plexus.classworlds.launcher.Launcher.main(Launcher.java:356)<br>\nCaused by: org.apache.maven.plugin.MojoFailureException: There are test failures.</p>\n<p>Please refer to /Users/rhausam/hapi-fhir/hapi-fhir-structures-dstu3/target/surefire-reports for the individual test results.<br>\n    at org.apache.maven.plugin.surefire.SurefireHelper.reportExecution(SurefireHelper.java:91)<br>\n    at org.apache.maven.plugin.surefire.SurefirePlugin.handleSummary(SurefirePlugin.java:320)<br>\n    at org.apache.maven.plugin.surefire.AbstractSurefireMojo.executeAfterPreconditionsChecked(AbstractSurefireMojo.java:892)<br>\n    at org.apache.maven.plugin.surefire.AbstractSurefireMojo.execute(AbstractSurefireMojo.java:755)<br>\n    at org.apache.maven.plugin.DefaultBuildPluginManager.executeMojo(DefaultBuildPluginManager.java:134)<br>\n    at org.apache.maven.lifecycle.internal.MojoExecutor.execute(MojoExecutor.java:207)<br>\n    ... 20 more<br>\n[ERROR] <br>\n[ERROR] <br>\n[ERROR] For more information about the errors and possible solutions, please read the following articles:<br>\n[ERROR] [Help 1] <a href=\"http://cwiki.apache.org/confluence/display/MAVEN/MojoFailureException\" target=\"_blank\" title=\"http://cwiki.apache.org/confluence/display/MAVEN/MojoFailureException\">http://cwiki.apache.org/confluence/display/MAVEN/MojoFailureException</a><br>\n[ERROR] <br>\n[ERROR] After correcting the problems, you can resume the build with the command<br>\n[ERROR]   mvn &lt;goals&gt; -rf :hapi-fhir-structures-dstu3<br>\nR</p>",
        "id": 153832413,
        "sender_full_name": "Rob Hausam",
        "timestamp": 1465592066
    },
    {
        "content": "<p><a href=\"http://travis-ci.org/jamesagnew/hapi-fhir\" target=\"_blank\" title=\"http://travis-ci.org/jamesagnew/hapi-fhir\">Travis</a> agrees with you. Just fixing that now, oddly enough.</p>",
        "id": 153832437,
        "sender_full_name": "James Agnew",
        "timestamp": 1465600659
    },
    {
        "content": "<p>Good that Travis is agreeable today, I guess. :)  Thanks!</p>",
        "id": 153832438,
        "sender_full_name": "Rob Hausam",
        "timestamp": 1465600738
    }
]