---
layout: page
title: "FHIR Chat  · hapi build error · hapi"
---

{% raw %}<h2>Stream: <a href="https://fhir.github.io/chat-archive/stream/179167-hapi/index.html">hapi</a></h2>
<h3>Topic: <a href="https://fhir.github.io/chat-archive/stream/179167-hapi/topic/hapi.20build.20error.html">hapi build error</a></h3>

<hr>

<base href="https://chat.fhir.org">

<head><link href="https://fhir.github.io/chat-archive/style.css" rel="stylesheet"></head>

<a name="153832413"></a>
<h4><a href="https://chat.fhir.org#narrow/stream/179167-hapi/topic/hapi%20build%20error/near/153832413" class="zl"><img src="https://fhir.github.io/chat-archive/assets/img/zulip.svg" alt="view this post on Zulip" style="width:20px;height:20px;"></a> Rob Hausam <a href="https://fhir.github.io/chat-archive/stream/179167-hapi/topic/hapi.20build.20error.html#153832413">(Jun 10 2016 at 20:54)</a>:</h4>
<p>I'm seeing these errors now when I execute an mvn clean install with full debugging - thoughts/suggestions?</p>
<p>Running ca.uhn.fhir.rest.server.RequestValidatingInterceptorDstu3Test<br>
Tests run: 15, Failures: 0, Errors: 0, Skipped: 0, Time elapsed: 23.894 sec - in ca.uhn.fhir.rest.server.RequestValidatingInterceptorDstu3Test</p>
<p>Results :</p>
<p>Failed tests: <br>
  QuestionnaireResponseValidatorDstu3Test.testCodedAnswer:133 ValidationResult{messageCount=1, isSuccessful=true, description='WARNING - Error unable to find code system <a href="http://codesystems.com/system" target="_blank" title="http://codesystems.com/system">http://codesystems.com/system</a> validating Coding against Questionnaire Options - QuestionnaireResponse.item.answer'} expected:&lt;0&gt; but was:&lt;1&gt;<br>
  QuestionnaireResponseValidatorDstu3Test.testOpenchoiceAnswer:254 ValidationResult{messageCount=1, isSuccessful=true, description='WARNING - Error unable to find code system <a href="http://codesystems.com/system" target="_blank" title="http://codesystems.com/system">http://codesystems.com/system</a> validating Coding against Questionnaire Options - QuestionnaireResponse.item.answer'} expected:&lt;0&gt; but was:&lt;1&gt;</p>
<p>Tests run: 405, Failures: 2, Errors: 0, Skipped: 18</p>
<p>[INFO] ------------------------------------------------------------------------<br>
[INFO] Reactor Summary:<br>
[INFO] <br>
[INFO] HAPI-FHIR .......................................... SUCCESS [  2.422 s]<br>
[INFO] HAPI FHIR - Deployable Artifact Parent POM ......... SUCCESS [  0.979 s]<br>
[INFO] HAPI FHIR - Core Library ........................... SUCCESS [ 59.305 s]<br>
[INFO] HAPI FHIR - Validation Resources (DSTU3) ........... SUCCESS [ 20.123 s]<br>
[INFO] HAPI Tinder Plugin ................................. SUCCESS [01:13 min]<br>
[INFO] HAPI FHIR Structures - DSTU1 (FHIR v0.80) .......... SUCCESS [02:28 min]<br>
[INFO] HAPI FHIR - Validation Resources (DSTU2) ........... SUCCESS [  2.539 s]<br>
[INFO] HAPI FHIR Structures - DSTU2 (FHIR v1.0.0) ......... SUCCESS [02:06 min]<br>
[INFO] HAPI FHIR - Minimal Dependency Test - Client ....... SUCCESS [  3.690 s]<br>
[INFO] HAPI FHIR - Minimal Dependency Test - Server ....... SUCCESS [  6.056 s]<br>
[INFO] HAPI Tinder Plugin - Test Project .................. SUCCESS [ 13.452 s]<br>
[INFO] HAPI FHIR Structures - <a href="http://HL7.org" target="_blank" title="http://HL7.org">HL7.org</a> DSTU2 ............... SUCCESS [03:53 min]<br>
[INFO] HAPI FHIR Structures - DSTU3 ....................... FAILURE [06:35 min]<br>
[INFO] HAPI FHIR JAX-RS Server ............................ SKIPPED<br>
[INFO] HAPI FHIR JAX-RS Server - Example .................. SKIPPED<br>
[INFO] HAPI FHIR JPA Server ............................... SKIPPED<br>
[INFO] HAPI FHIR TestPage Overlay ......................... SKIPPED<br>
[INFO] HAPI FHIR JPA Server - Example ..................... SKIPPED<br>
[INFO] HAPI FHIR Sample RESTful Server .................... SKIPPED<br>
[INFO] HAPI FHIR Sample RESTful Server - Tests ............ SKIPPED<br>
[INFO] HAPI FHIR - <a href="http://fhirtest.uhn.ca" target="_blank" title="http://fhirtest.uhn.ca">fhirtest.uhn.ca</a> Deployable WAR ......... SKIPPED<br>
[INFO] HAPI FHIR - Android ................................ SKIPPED<br>
[INFO] HAPI FHIR - Command Line Client - Base Project ..... SKIPPED<br>
[INFO] HAPI FHIR - Command Line Client - Server WAR ....... SKIPPED<br>
[INFO] HAPI FHIR - Command Line Client - Application ...... SKIPPED<br>
[INFO] HAPI FHIR - Distribution Archive ................... SKIPPED<br>
[INFO] HAPI FHIR - Examples (for site) .................... SKIPPED<br>
[INFO] hapi-fhir-base-example-embedded-ws ................. SKIPPED<br>
[INFO] ------------------------------------------------------------------------<br>
[INFO] BUILD FAILURE<br>
[INFO] ------------------------------------------------------------------------<br>
[INFO] Total time: 18:07 min<br>
[INFO] Finished at: 2016-06-09T23:29:15-06:00<br>
[INFO] Final Memory: 273M/807M<br>
[INFO] ------------------------------------------------------------------------<br>
[ERROR] Failed to execute goal org.apache.maven.plugins:maven-surefire-plugin:2.19.1:test (default-test) on project hapi-fhir-structures-dstu3: There are test failures.<br>
[ERROR] <br>
[ERROR] Please refer to /Users/rhausam/hapi-fhir/hapi-fhir-structures-dstu3/target/surefire-reports for the individual test results.<br>
[ERROR] -&gt; [Help 1]<br>
org.apache.maven.lifecycle.LifecycleExecutionException: Failed to execute goal org.apache.maven.plugins:maven-surefire-plugin:2.19.1:test (default-test) on project hapi-fhir-structures-dstu3: There are test failures.</p>
<p>Please refer to /Users/rhausam/hapi-fhir/hapi-fhir-structures-dstu3/target/surefire-reports for the individual test results.<br>
    at org.apache.maven.lifecycle.internal.MojoExecutor.execute(MojoExecutor.java:212)<br>
    at org.apache.maven.lifecycle.internal.MojoExecutor.execute(MojoExecutor.java:153)<br>
    at org.apache.maven.lifecycle.internal.MojoExecutor.execute(MojoExecutor.java:145)<br>
    at org.apache.maven.lifecycle.internal.LifecycleModuleBuilder.buildProject(LifecycleModuleBuilder.java:116)<br>
    at org.apache.maven.lifecycle.internal.LifecycleModuleBuilder.buildProject(LifecycleModuleBuilder.java:80)<br>
    at org.apache.maven.lifecycle.internal.builder.singlethreaded.SingleThreadedBuilder.build(SingleThreadedBuilder.java:51)<br>
    at org.apache.maven.lifecycle.internal.LifecycleStarter.execute(LifecycleStarter.java:128)<br>
    at org.apache.maven.DefaultMaven.doExecute(DefaultMaven.java:307)<br>
    at org.apache.maven.DefaultMaven.doExecute(DefaultMaven.java:193)<br>
    at org.apache.maven.DefaultMaven.execute(DefaultMaven.java:106)<br>
    at org.apache.maven.cli.MavenCli.execute(MavenCli.java:863)<br>
    at org.apache.maven.cli.MavenCli.doMain(MavenCli.java:288)<br>
    at org.apache.maven.cli.MavenCli.main(MavenCli.java:199)<br>
    at sun.reflect.NativeMethodAccessorImpl.invoke0(Native Method)<br>
    at sun.reflect.NativeMethodAccessorImpl.invoke(NativeMethodAccessorImpl.java:62)<br>
    at sun.reflect.DelegatingMethodAccessorImpl.invoke(DelegatingMethodAccessorImpl.java:43)<br>
    at java.lang.reflect.Method.invoke(Method.java:497)<br>
    at org.codehaus.plexus.classworlds.launcher.Launcher.launchEnhanced(Launcher.java:289)<br>
    at org.codehaus.plexus.classworlds.launcher.Launcher.launch(Launcher.java:229)<br>
    at org.codehaus.plexus.classworlds.launcher.Launcher.mainWithExitCode(Launcher.java:415)<br>
    at org.codehaus.plexus.classworlds.launcher.Launcher.main(Launcher.java:356)<br>
Caused by: org.apache.maven.plugin.MojoFailureException: There are test failures.</p>
<p>Please refer to /Users/rhausam/hapi-fhir/hapi-fhir-structures-dstu3/target/surefire-reports for the individual test results.<br>
    at org.apache.maven.plugin.surefire.SurefireHelper.reportExecution(SurefireHelper.java:91)<br>
    at org.apache.maven.plugin.surefire.SurefirePlugin.handleSummary(SurefirePlugin.java:320)<br>
    at org.apache.maven.plugin.surefire.AbstractSurefireMojo.executeAfterPreconditionsChecked(AbstractSurefireMojo.java:892)<br>
    at org.apache.maven.plugin.surefire.AbstractSurefireMojo.execute(AbstractSurefireMojo.java:755)<br>
    at org.apache.maven.plugin.DefaultBuildPluginManager.executeMojo(DefaultBuildPluginManager.java:134)<br>
    at org.apache.maven.lifecycle.internal.MojoExecutor.execute(MojoExecutor.java:207)<br>
    ... 20 more<br>
[ERROR] <br>
[ERROR] <br>
[ERROR] For more information about the errors and possible solutions, please read the following articles:<br>
[ERROR] [Help 1] <a href="http://cwiki.apache.org/confluence/display/MAVEN/MojoFailureException" target="_blank" title="http://cwiki.apache.org/confluence/display/MAVEN/MojoFailureException">http://cwiki.apache.org/confluence/display/MAVEN/MojoFailureException</a><br>
[ERROR] <br>
[ERROR] After correcting the problems, you can resume the build with the command<br>
[ERROR]   mvn &lt;goals&gt; -rf :hapi-fhir-structures-dstu3<br>
R</p>



<a name="153832437"></a>
<h4><a href="https://chat.fhir.org#narrow/stream/179167-hapi/topic/hapi%20build%20error/near/153832437" class="zl"><img src="https://fhir.github.io/chat-archive/assets/img/zulip.svg" alt="view this post on Zulip" style="width:20px;height:20px;"></a> James Agnew <a href="https://fhir.github.io/chat-archive/stream/179167-hapi/topic/hapi.20build.20error.html#153832437">(Jun 10 2016 at 23:17)</a>:</h4>
<p><a href="http://travis-ci.org/jamesagnew/hapi-fhir" target="_blank" title="http://travis-ci.org/jamesagnew/hapi-fhir">Travis</a> agrees with you. Just fixing that now, oddly enough.</p>



<a name="153832438"></a>
<h4><a href="https://chat.fhir.org#narrow/stream/179167-hapi/topic/hapi%20build%20error/near/153832438" class="zl"><img src="https://fhir.github.io/chat-archive/assets/img/zulip.svg" alt="view this post on Zulip" style="width:20px;height:20px;"></a> Rob Hausam <a href="https://fhir.github.io/chat-archive/stream/179167-hapi/topic/hapi.20build.20error.html#153832438">(Jun 10 2016 at 23:18)</a>:</h4>
<p>Good that Travis is agreeable today, I guess. :)  Thanks!</p>


{% endraw %}
<hr><p>Last updated: Apr 12 2022 at 19:14 UTC</p>
